# JRE version: OpenJDK Runtime Environment (8.0_242-b01) (build 1.8.0_242-release-1644-b01)
# Java VM: OpenJDK 64-Bit Server VM (25.242-b01 mixed mode windows-amd64 compressed oops)
Heap:
 PSYoungGen      total 528384K, used 104944K [0x00000000d5580000, 0x00000000fe080000, 0x0000000100000000)
  eden space 488448K, 18% used [0x00000000d5580000,0x00000000daf09280,0x00000000f3280000)
  from space 39936K, 33% used [0x00000000f3280000,0x00000000f3f73160,0x00000000f5980000)
  to   space 37888K, 0% used [0x00000000fbb80000,0x00000000fbb80000,0x00000000fe080000)
 ParOldGen       total 211968K, used 58776K [0x0000000080000000, 0x000000008cf00000, 0x00000000d5580000)
  object space 211968K, 27% used [0x0000000080000000,0x0000000083966310,0x000000008cf00000)
 Metaspace       used 106418K, capacity 111594K, committed 111808K, reserved 1146880K
  class space    used 14027K, capacity 15055K, committed 15104K, reserved 1048576K
GC Heap History (10 events):
Event: 17.788 GC heap before
{Heap before GC invocations=13 (full 3):
 PSYoungGen      total 333312K, used 317952K [0x00000000d5580000, 0x00000000f0c80000, 0x0000000100000000)
  eden space 317952K, 100% used [0x00000000d5580000,0x00000000e8c00000,0x00000000e8c00000)
  from space 15360K, 0% used [0x00000000e8c00000,0x00000000e8c00000,0x00000000e9b00000)
  to   space 22016K, 0% used [0x00000000ef700000,0x00000000ef700000,0x00000000f0c80000)
 ParOldGen       total 145408K, used 39138K [0x0000000080000000, 0x0000000088e00000, 0x00000000d5580000)
  object space 145408K, 26% used [0x0000000080000000,0x0000000082638b50,0x0000000088e00000)
 Metaspace       used 74636K, capacity 78008K, committed 78168K, reserved 1116160K
  class space    used 10106K, capacity 10768K, committed 10880K, reserved 1048576K
Event: 17.829 GC heap after
Heap after GC invocations=13 (full 3):
 PSYoungGen      total 422400K, used 21990K [0x00000000d5580000, 0x00000000f1800000, 0x0000000100000000)
  eden space 400384K, 0% used [0x00000000d5580000,0x00000000d5580000,0x00000000edc80000)
  from space 22016K, 99% used [0x00000000ef700000,0x00000000f0c799c0,0x00000000f0c80000)
  to   space 27136K, 0% used [0x00000000edc80000,0x00000000edc80000,0x00000000ef700000)
 ParOldGen       total 145408K, used 45290K [0x0000000080000000, 0x0000000088e00000, 0x00000000d5580000)
  object space 145408K, 31% used [0x0000000080000000,0x0000000082c3aa00,0x0000000088e00000)
 Metaspace       used 74636K, capacity 78008K, committed 78168K, reserved 1116160K
  class space    used 10106K, capacity 10768K, committed 10880K, reserved 1048576K
}
Event: 35.605 GC heap before
{Heap before GC invocations=14 (full 3):
 PSYoungGen      total 422400K, used 422374K [0x00000000d5580000, 0x00000000f1800000, 0x0000000100000000)
  eden space 400384K, 100% used [0x00000000d5580000,0x00000000edc80000,0x00000000edc80000)
  from space 22016K, 99% used [0x00000000ef700000,0x00000000f0c799c0,0x00000000f0c80000)
  to   space 27136K, 0% used [0x00000000edc80000,0x00000000edc80000,0x00000000ef700000)
 ParOldGen       total 145408K, used 45290K [0x0000000080000000, 0x0000000088e00000, 0x00000000d5580000)
  object space 145408K, 31% used [0x0000000080000000,0x0000000082c3aa00,0x0000000088e00000)
 Metaspace       used 90580K, capacity 94770K, committed 94936K, reserved 1132544K
  class space    used 11906K, capacity 12786K, committed 12800K, reserved 1048576K
Event: 35.693 GC heap after
Heap after GC invocations=14 (full 3):
 PSYoungGen      total 427520K, used 27104K [0x00000000d5580000, 0x00000000f8b80000, 0x0000000100000000)
  eden space 400384K, 0% used [0x00000000d5580000,0x00000000d5580000,0x00000000edc80000)
  from space 27136K, 99% used [0x00000000edc80000,0x00000000ef6f8268,0x00000000ef700000)
  to   space 40448K, 0% used [0x00000000f6400000,0x00000000f6400000,0x00000000f8b80000)
 ParOldGen       total 145408K, used 70404K [0x0000000080000000, 0x0000000088e00000, 0x00000000d5580000)
  object space 145408K, 48% used [0x0000000080000000,0x00000000844c1330,0x0000000088e00000)
 Metaspace       used 90580K, capacity 94770K, committed 94936K, reserved 1132544K
  class space    used 11906K, capacity 12786K, committed 12800K, reserved 1048576K
}
Event: 38.743 GC heap before
{Heap before GC invocations=15 (full 3):
 PSYoungGen      total 427520K, used 139868K [0x00000000d5580000, 0x00000000f8b80000, 0x0000000100000000)
  eden space 400384K, 28% used [0x00000000d5580000,0x00000000dc39f140,0x00000000edc80000)
  from space 27136K, 99% used [0x00000000edc80000,0x00000000ef6f8268,0x00000000ef700000)
  to   space 40448K, 0% used [0x00000000f6400000,0x00000000f6400000,0x00000000f8b80000)
 ParOldGen       total 145408K, used 70404K [0x0000000080000000, 0x0000000088e00000, 0x00000000d5580000)
  object space 145408K, 48% used [0x0000000080000000,0x00000000844c1330,0x0000000088e00000)
 Metaspace       used 94150K, capacity 98392K, committed 98496K, reserved 1134592K
  class space    used 12358K, capacity 13303K, committed 13312K, reserved 1048576K
Event: 38.769 GC heap after
Heap after GC invocations=15 (full 3):
 PSYoungGen      total 517632K, used 5370K [0x00000000d5580000, 0x00000000f8080000, 0x0000000100000000)
  eden space 488448K, 0% used [0x00000000d5580000,0x00000000d5580000,0x00000000f3280000)
  from space 29184K, 18% used [0x00000000f6400000,0x00000000f693e820,0x00000000f8080000)
  to   space 39936K, 0% used [0x00000000f3280000,0x00000000f3280000,0x00000000f5980000)
 ParOldGen       total 145408K, used 85172K [0x0000000080000000, 0x0000000088e00000, 0x00000000d5580000)
  object space 145408K, 58% used [0x0000000080000000,0x000000008532d2d0,0x0000000088e00000)
 Metaspace       used 94150K, capacity 98392K, committed 98496K, reserved 1134592K
  class space    used 12358K, capacity 13303K, committed 13312K, reserved 1048576K
}
Event: 38.769 GC heap before
{Heap before GC invocations=16 (full 4):
 PSYoungGen      total 517632K, used 5370K [0x00000000d5580000, 0x00000000f8080000, 0x0000000100000000)
  eden space 488448K, 0% used [0x00000000d5580000,0x00000000d5580000,0x00000000f3280000)
  from space 29184K, 18% used [0x00000000f6400000,0x00000000f693e820,0x00000000f8080000)
  to   space 39936K, 0% used [0x00000000f3280000,0x00000000f3280000,0x00000000f5980000)
 ParOldGen       total 145408K, used 85172K [0x0000000080000000, 0x0000000088e00000, 0x00000000d5580000)
  object space 145408K, 58% used [0x0000000080000000,0x000000008532d2d0,0x0000000088e00000)
 Metaspace       used 94150K, capacity 98392K, committed 98496K, reserved 1134592K
  class space    used 12358K, capacity 13303K, committed 13312K, reserved 1048576K
Event: 39.092 GC heap after
Heap after GC invocations=16 (full 4):
 PSYoungGen      total 517632K, used 0K [0x00000000d5580000, 0x00000000f8080000, 0x0000000100000000)
  eden space 488448K, 0% used [0x00000000d5580000,0x00000000d5580000,0x00000000f3280000)
  from space 29184K, 0% used [0x00000000f6400000,0x00000000f6400000,0x00000000f8080000)
  to   space 39936K, 0% used [0x00000000f3280000,0x00000000f3280000,0x00000000f5980000)
 ParOldGen       total 211968K, used 58768K [0x0000000080000000, 0x000000008cf00000, 0x00000000d5580000)
  object space 211968K, 27% used [0x0000000080000000,0x0000000083964310,0x000000008cf00000)
 Metaspace       used 94143K, capacity 98376K, committed 98496K, reserved 1134592K
  class space    used 12356K, capacity 13299K, committed 13312K, reserved 1048576K
}
Event: 49.524 GC heap before
{Heap before GC invocations=17 (full 4):
 PSYoungGen      total 517632K, used 488448K [0x00000000d5580000, 0x00000000f8080000, 0x0000000100000000)
  eden space 488448K, 100% used [0x00000000d5580000,0x00000000f3280000,0x00000000f3280000)
  from space 29184K, 0% used [0x00000000f6400000,0x00000000f6400000,0x00000000f8080000)
  to   space 39936K, 0% used [0x00000000f3280000,0x00000000f3280000,0x00000000f5980000)
 ParOldGen       total 211968K, used 58768K [0x0000000080000000, 0x000000008cf00000, 0x00000000d5580000)
  object space 211968K, 27% used [0x0000000080000000,0x0000000083964310,0x000000008cf00000)
 Metaspace       used 101373K, capacity 106486K, committed 106560K, reserved 1140736K
  class space    used 13384K, capacity 14414K, committed 14464K, reserved 1048576K
Event: 49.550 GC heap after
Heap after GC invocations=17 (full 4):
 PSYoungGen      total 528384K, used 13260K [0x00000000d5580000, 0x00000000fe080000, 0x0000000100000000)
  eden space 488448K, 0% used [0x00000000d5580000,0x00000000d5580000,0x00000000f3280000)
  from space 39936K, 33% used [0x00000000f3280000,0x00000000f3f73160,0x00000000f5980000)
  to   space 37888K, 0% used [0x00000000fbb80000,0x00000000fbb80000,0x00000000fe080000)
 ParOldGen       total 211968K, used 58776K [0x0000000080000000, 0x000000008cf00000, 0x00000000d5580000)
  object space 211968K, 27% used [0x0000000080000000,0x0000000083966310,0x000000008cf00000)
 Metaspace       used 101373K, capacity 106486K, committed 106560K, reserved 1140736K
  class space    used 13384K, capacity 14414K, committed 14464K, reserved 1048576K
}

